

Microchip Technology PIC LITE Macro Assembler V1.38 build -256452561 
                                                                                               Sat Nov 26 12:38:47 2016

Microchip Technology Omniscient Code Generator v1.38 (Free mode) build 201607010351
     1                           	processor	16F1512
     2                           	opt	pw 120
     3                           	opt	lm
     4                           	psect	idataBANK0,global,class=CODE,delta=2
     5                           	psect	cinit,global,class=CODE,merge=1,delta=2
     6                           	psect	dataBANK0,global,class=BANK0,space=1,delta=1
     7                           	psect	inittext,global,class=CODE,delta=2
     8                           	psect	cstackCOMMON,global,class=COMMON,space=1,delta=1
     9                           	psect	maintext,global,class=CODE,merge=1,split=1,delta=2
    10                           	psect	text1,local,class=CODE,merge=1,delta=2
    11                           	psect	text2,local,class=CODE,merge=1,delta=2
    12                           	psect	text3,local,class=CODE,merge=1,delta=2
    13                           	psect	text4,local,class=CODE,merge=1,delta=2
    14                           	psect	text5,local,class=CODE,merge=1,delta=2
    15                           	psect	text6,local,class=CODE,merge=1,delta=2
    16                           	psect	text7,local,class=CODE,merge=1,delta=2
    17                           	psect	text8,local,class=CODE,merge=1,delta=2
    18                           	dabs	1,0x7E,2
    19  0000                     	;# 
    20  0001                     	;# 
    21  0002                     	;# 
    22  0003                     	;# 
    23  0004                     	;# 
    24  0005                     	;# 
    25  0006                     	;# 
    26  0007                     	;# 
    27  0008                     	;# 
    28  0009                     	;# 
    29  000A                     	;# 
    30  000B                     	;# 
    31  000C                     	;# 
    32  000D                     	;# 
    33  000E                     	;# 
    34  0010                     	;# 
    35  0011                     	;# 
    36  0012                     	;# 
    37  0015                     	;# 
    38  0016                     	;# 
    39  0016                     	;# 
    40  0017                     	;# 
    41  0018                     	;# 
    42  0019                     	;# 
    43  001A                     	;# 
    44  001B                     	;# 
    45  001C                     	;# 
    46  008C                     	;# 
    47  008D                     	;# 
    48  008E                     	;# 
    49  0090                     	;# 
    50  0091                     	;# 
    51  0092                     	;# 
    52  0095                     	;# 
    53  0096                     	;# 
    54  0097                     	;# 
    55  0099                     	;# 
    56  009A                     	;# 
    57  009B                     	;# 
    58  009B                     	;# 
    59  009B                     	;# 
    60  009B                     	;# 
    61  009C                     	;# 
    62  009C                     	;# 
    63  009D                     	;# 
    64  009E                     	;# 
    65  010C                     	;# 
    66  010D                     	;# 
    67  010E                     	;# 
    68  0116                     	;# 
    69  0117                     	;# 
    70  011D                     	;# 
    71  018C                     	;# 
    72  018D                     	;# 
    73  018E                     	;# 
    74  0191                     	;# 
    75  0191                     	;# 
    76  0192                     	;# 
    77  0193                     	;# 
    78  0193                     	;# 
    79  0194                     	;# 
    80  0195                     	;# 
    81  0196                     	;# 
    82  0197                     	;# 
    83  0199                     	;# 
    84  019A                     	;# 
    85  019B                     	;# 
    86  019B                     	;# 
    87  019B                     	;# 
    88  019B                     	;# 
    89  019C                     	;# 
    90  019C                     	;# 
    91  019D                     	;# 
    92  019E                     	;# 
    93  019F                     	;# 
    94  020D                     	;# 
    95  0210                     	;# 
    96  0211                     	;# 
    97  0211                     	;# 
    98  0212                     	;# 
    99  0212                     	;# 
   100  0213                     	;# 
   101  0213                     	;# 
   102  0214                     	;# 
   103  0214                     	;# 
   104  0215                     	;# 
   105  0215                     	;# 
   106  0215                     	;# 
   107  0216                     	;# 
   108  0216                     	;# 
   109  0217                     	;# 
   110  0217                     	;# 
   111  0291                     	;# 
   112  0291                     	;# 
   113  0292                     	;# 
   114  0293                     	;# 
   115  0298                     	;# 
   116  0298                     	;# 
   117  0299                     	;# 
   118  029A                     	;# 
   119  0394                     	;# 
   120  0395                     	;# 
   121  0396                     	;# 
   122  0FE4                     	;# 
   123  0FE5                     	;# 
   124  0FE6                     	;# 
   125  0FE7                     	;# 
   126  0FE8                     	;# 
   127  0FE9                     	;# 
   128  0FEA                     	;# 
   129  0FEB                     	;# 
   130  0FED                     	;# 
   131  0FEE                     	;# 
   132  0FEF                     	;# 
   133  0711                     	;# 
   134  0712                     	;# 
   135  0713                     	;# 
   136  0714                     	;# 
   137  0715                     	;# 
   138  0716                     	;# 
   139  0717                     	;# 
   140  0718                     	;# 
   141  0719                     	;# 
   142  071A                     	;# 
   143  071A                     	;# 
   144  071A                     	;# 
   145  071B                     	;# 
   146  071C                     	;# 
   147  071C                     	;# 
   148  071C                     	;# 
   149  071D                     	;# 
   150  0000                     	;# 
   151  0001                     	;# 
   152  0002                     	;# 
   153  0003                     	;# 
   154  0004                     	;# 
   155  0005                     	;# 
   156  0006                     	;# 
   157  0007                     	;# 
   158  0008                     	;# 
   159  0009                     	;# 
   160  000A                     	;# 
   161  000B                     	;# 
   162  000C                     	;# 
   163  000D                     	;# 
   164  000E                     	;# 
   165  0010                     	;# 
   166  0011                     	;# 
   167  0012                     	;# 
   168  0015                     	;# 
   169  0016                     	;# 
   170  0016                     	;# 
   171  0017                     	;# 
   172  0018                     	;# 
   173  0019                     	;# 
   174  001A                     	;# 
   175  001B                     	;# 
   176  001C                     	;# 
   177  008C                     	;# 
   178  008D                     	;# 
   179  008E                     	;# 
   180  0090                     	;# 
   181  0091                     	;# 
   182  0092                     	;# 
   183  0095                     	;# 
   184  0096                     	;# 
   185  0097                     	;# 
   186  0099                     	;# 
   187  009A                     	;# 
   188  009B                     	;# 
   189  009B                     	;# 
   190  009B                     	;# 
   191  009B                     	;# 
   192  009C                     	;# 
   193  009C                     	;# 
   194  009D                     	;# 
   195  009E                     	;# 
   196  010C                     	;# 
   197  010D                     	;# 
   198  010E                     	;# 
   199  0116                     	;# 
   200  0117                     	;# 
   201  011D                     	;# 
   202  018C                     	;# 
   203  018D                     	;# 
   204  018E                     	;# 
   205  0191                     	;# 
   206  0191                     	;# 
   207  0192                     	;# 
   208  0193                     	;# 
   209  0193                     	;# 
   210  0194                     	;# 
   211  0195                     	;# 
   212  0196                     	;# 
   213  0197                     	;# 
   214  0199                     	;# 
   215  019A                     	;# 
   216  019B                     	;# 
   217  019B                     	;# 
   218  019B                     	;# 
   219  019B                     	;# 
   220  019C                     	;# 
   221  019C                     	;# 
   222  019D                     	;# 
   223  019E                     	;# 
   224  019F                     	;# 
   225  020D                     	;# 
   226  0210                     	;# 
   227  0211                     	;# 
   228  0211                     	;# 
   229  0212                     	;# 
   230  0212                     	;# 
   231  0213                     	;# 
   232  0213                     	;# 
   233  0214                     	;# 
   234  0214                     	;# 
   235  0215                     	;# 
   236  0215                     	;# 
   237  0215                     	;# 
   238  0216                     	;# 
   239  0216                     	;# 
   240  0217                     	;# 
   241  0217                     	;# 
   242  0291                     	;# 
   243  0291                     	;# 
   244  0292                     	;# 
   245  0293                     	;# 
   246  0298                     	;# 
   247  0298                     	;# 
   248  0299                     	;# 
   249  029A                     	;# 
   250  0394                     	;# 
   251  0395                     	;# 
   252  0396                     	;# 
   253  0FE4                     	;# 
   254  0FE5                     	;# 
   255  0FE6                     	;# 
   256  0FE7                     	;# 
   257  0FE8                     	;# 
   258  0FE9                     	;# 
   259  0FEA                     	;# 
   260  0FEB                     	;# 
   261  0FED                     	;# 
   262  0FEE                     	;# 
   263  0FEF                     	;# 
   264  0711                     	;# 
   265  0712                     	;# 
   266  0713                     	;# 
   267  0714                     	;# 
   268  0715                     	;# 
   269  0716                     	;# 
   270  0717                     	;# 
   271  0718                     	;# 
   272  0719                     	;# 
   273  071A                     	;# 
   274  071A                     	;# 
   275  071A                     	;# 
   276  071B                     	;# 
   277  071C                     	;# 
   278  071C                     	;# 
   279  071C                     	;# 
   280  071D                     	;# 
   281  0000                     	;# 
   282  0001                     	;# 
   283  0002                     	;# 
   284  0003                     	;# 
   285  0004                     	;# 
   286  0005                     	;# 
   287  0006                     	;# 
   288  0007                     	;# 
   289  0008                     	;# 
   290  0009                     	;# 
   291  000A                     	;# 
   292  000B                     	;# 
   293  000C                     	;# 
   294  000D                     	;# 
   295  000E                     	;# 
   296  0010                     	;# 
   297  0011                     	;# 
   298  0012                     	;# 
   299  0015                     	;# 
   300  0016                     	;# 
   301  0016                     	;# 
   302  0017                     	;# 
   303  0018                     	;# 
   304  0019                     	;# 
   305  001A                     	;# 
   306  001B                     	;# 
   307  001C                     	;# 
   308  008C                     	;# 
   309  008D                     	;# 
   310  008E                     	;# 
   311  0090                     	;# 
   312  0091                     	;# 
   313  0092                     	;# 
   314  0095                     	;# 
   315  0096                     	;# 
   316  0097                     	;# 
   317  0099                     	;# 
   318  009A                     	;# 
   319  009B                     	;# 
   320  009B                     	;# 
   321  009B                     	;# 
   322  009B                     	;# 
   323  009C                     	;# 
   324  009C                     	;# 
   325  009D                     	;# 
   326  009E                     	;# 
   327  010C                     	;# 
   328  010D                     	;# 
   329  010E                     	;# 
   330  0116                     	;# 
   331  0117                     	;# 
   332  011D                     	;# 
   333  018C                     	;# 
   334  018D                     	;# 
   335  018E                     	;# 
   336  0191                     	;# 
   337  0191                     	;# 
   338  0192                     	;# 
   339  0193                     	;# 
   340  0193                     	;# 
   341  0194                     	;# 
   342  0195                     	;# 
   343  0196                     	;# 
   344  0197                     	;# 
   345  0199                     	;# 
   346  019A                     	;# 
   347  019B                     	;# 
   348  019B                     	;# 
   349  019B                     	;# 
   350  019B                     	;# 
   351  019C                     	;# 
   352  019C                     	;# 
   353  019D                     	;# 
   354  019E                     	;# 
   355  019F                     	;# 
   356  020D                     	;# 
   357  0210                     	;# 
   358  0211                     	;# 
   359  0211                     	;# 
   360  0212                     	;# 
   361  0212                     	;# 
   362  0213                     	;# 
   363  0213                     	;# 
   364  0214                     	;# 
   365  0214                     	;# 
   366  0215                     	;# 
   367  0215                     	;# 
   368  0215                     	;# 
   369  0216                     	;# 
   370  0216                     	;# 
   371  0217                     	;# 
   372  0217                     	;# 
   373  0291                     	;# 
   374  0291                     	;# 
   375  0292                     	;# 
   376  0293                     	;# 
   377  0298                     	;# 
   378  0298                     	;# 
   379  0299                     	;# 
   380  029A                     	;# 
   381  0394                     	;# 
   382  0395                     	;# 
   383  0396                     	;# 
   384  0FE4                     	;# 
   385  0FE5                     	;# 
   386  0FE6                     	;# 
   387  0FE7                     	;# 
   388  0FE8                     	;# 
   389  0FE9                     	;# 
   390  0FEA                     	;# 
   391  0FEB                     	;# 
   392  0FED                     	;# 
   393  0FEE                     	;# 
   394  0FEF                     	;# 
   395  0711                     	;# 
   396  0712                     	;# 
   397  0713                     	;# 
   398  0714                     	;# 
   399  0715                     	;# 
   400  0716                     	;# 
   401  0717                     	;# 
   402  0718                     	;# 
   403  0719                     	;# 
   404  071A                     	;# 
   405  071A                     	;# 
   406  071A                     	;# 
   407  071B                     	;# 
   408  071C                     	;# 
   409  071C                     	;# 
   410  071C                     	;# 
   411  071D                     	;# 
   412  0000                     	;# 
   413  0001                     	;# 
   414  0002                     	;# 
   415  0003                     	;# 
   416  0004                     	;# 
   417  0005                     	;# 
   418  0006                     	;# 
   419  0007                     	;# 
   420  0008                     	;# 
   421  0009                     	;# 
   422  000A                     	;# 
   423  000B                     	;# 
   424  000C                     	;# 
   425  000D                     	;# 
   426  000E                     	;# 
   427  0010                     	;# 
   428  0011                     	;# 
   429  0012                     	;# 
   430  0015                     	;# 
   431  0016                     	;# 
   432  0016                     	;# 
   433  0017                     	;# 
   434  0018                     	;# 
   435  0019                     	;# 
   436  001A                     	;# 
   437  001B                     	;# 
   438  001C                     	;# 
   439  008C                     	;# 
   440  008D                     	;# 
   441  008E                     	;# 
   442  0090                     	;# 
   443  0091                     	;# 
   444  0092                     	;# 
   445  0095                     	;# 
   446  0096                     	;# 
   447  0097                     	;# 
   448  0099                     	;# 
   449  009A                     	;# 
   450  009B                     	;# 
   451  009B                     	;# 
   452  009B                     	;# 
   453  009B                     	;# 
   454  009C                     	;# 
   455  009C                     	;# 
   456  009D                     	;# 
   457  009E                     	;# 
   458  010C                     	;# 
   459  010D                     	;# 
   460  010E                     	;# 
   461  0116                     	;# 
   462  0117                     	;# 
   463  011D                     	;# 
   464  018C                     	;# 
   465  018D                     	;# 
   466  018E                     	;# 
   467  0191                     	;# 
   468  0191                     	;# 
   469  0192                     	;# 
   470  0193                     	;# 
   471  0193                     	;# 
   472  0194                     	;# 
   473  0195                     	;# 
   474  0196                     	;# 
   475  0197                     	;# 
   476  0199                     	;# 
   477  019A                     	;# 
   478  019B                     	;# 
   479  019B                     	;# 
   480  019B                     	;# 
   481  019B                     	;# 
   482  019C                     	;# 
   483  019C                     	;# 
   484  019D                     	;# 
   485  019E                     	;# 
   486  019F                     	;# 
   487  020D                     	;# 
   488  0210                     	;# 
   489  0211                     	;# 
   490  0211                     	;# 
   491  0212                     	;# 
   492  0212                     	;# 
   493  0213                     	;# 
   494  0213                     	;# 
   495  0214                     	;# 
   496  0214                     	;# 
   497  0215                     	;# 
   498  0215                     	;# 
   499  0215                     	;# 
   500  0216                     	;# 
   501  0216                     	;# 
   502  0217                     	;# 
   503  0217                     	;# 
   504  0291                     	;# 
   505  0291                     	;# 
   506  0292                     	;# 
   507  0293                     	;# 
   508  0298                     	;# 
   509  0298                     	;# 
   510  0299                     	;# 
   511  029A                     	;# 
   512  0394                     	;# 
   513  0395                     	;# 
   514  0396                     	;# 
   515  0FE4                     	;# 
   516  0FE5                     	;# 
   517  0FE6                     	;# 
   518  0FE7                     	;# 
   519  0FE8                     	;# 
   520  0FE9                     	;# 
   521  0FEA                     	;# 
   522  0FEB                     	;# 
   523  0FED                     	;# 
   524  0FEE                     	;# 
   525  0FEF                     	;# 
   526  0711                     	;# 
   527  0712                     	;# 
   528  0713                     	;# 
   529  0714                     	;# 
   530  0715                     	;# 
   531  0716                     	;# 
   532  0717                     	;# 
   533  0718                     	;# 
   534  0719                     	;# 
   535  071A                     	;# 
   536  071A                     	;# 
   537  071A                     	;# 
   538  071B                     	;# 
   539  071C                     	;# 
   540  071C                     	;# 
   541  071C                     	;# 
   542  071D                     	;# 
   543  0000                     	;# 
   544  0001                     	;# 
   545  0002                     	;# 
   546  0003                     	;# 
   547  0004                     	;# 
   548  0005                     	;# 
   549  0006                     	;# 
   550  0007                     	;# 
   551  0008                     	;# 
   552  0009                     	;# 
   553  000A                     	;# 
   554  000B                     	;# 
   555  000C                     	;# 
   556  000D                     	;# 
   557  000E                     	;# 
   558  0010                     	;# 
   559  0011                     	;# 
   560  0012                     	;# 
   561  0015                     	;# 
   562  0016                     	;# 
   563  0016                     	;# 
   564  0017                     	;# 
   565  0018                     	;# 
   566  0019                     	;# 
   567  001A                     	;# 
   568  001B                     	;# 
   569  001C                     	;# 
   570  008C                     	;# 
   571  008D                     	;# 
   572  008E                     	;# 
   573  0090                     	;# 
   574  0091                     	;# 
   575  0092                     	;# 
   576  0095                     	;# 
   577  0096                     	;# 
   578  0097                     	;# 
   579  0099                     	;# 
   580  009A                     	;# 
   581  009B                     	;# 
   582  009B                     	;# 
   583  009B                     	;# 
   584  009B                     	;# 
   585  009C                     	;# 
   586  009C                     	;# 
   587  009D                     	;# 
   588  009E                     	;# 
   589  010C                     	;# 
   590  010D                     	;# 
   591  010E                     	;# 
   592  0116                     	;# 
   593  0117                     	;# 
   594  011D                     	;# 
   595  018C                     	;# 
   596  018D                     	;# 
   597  018E                     	;# 
   598  0191                     	;# 
   599  0191                     	;# 
   600  0192                     	;# 
   601  0193                     	;# 
   602  0193                     	;# 
   603  0194                     	;# 
   604  0195                     	;# 
   605  0196                     	;# 
   606  0197                     	;# 
   607  0199                     	;# 
   608  019A                     	;# 
   609  019B                     	;# 
   610  019B                     	;# 
   611  019B                     	;# 
   612  019B                     	;# 
   613  019C                     	;# 
   614  019C                     	;# 
   615  019D                     	;# 
   616  019E                     	;# 
   617  019F                     	;# 
   618  020D                     	;# 
   619  0210                     	;# 
   620  0211                     	;# 
   621  0211                     	;# 
   622  0212                     	;# 
   623  0212                     	;# 
   624  0213                     	;# 
   625  0213                     	;# 
   626  0214                     	;# 
   627  0214                     	;# 
   628  0215                     	;# 
   629  0215                     	;# 
   630  0215                     	;# 
   631  0216                     	;# 
   632  0216                     	;# 
   633  0217                     	;# 
   634  0217                     	;# 
   635  0291                     	;# 
   636  0291                     	;# 
   637  0292                     	;# 
   638  0293                     	;# 
   639  0298                     	;# 
   640  0298                     	;# 
   641  0299                     	;# 
   642  029A                     	;# 
   643  0394                     	;# 
   644  0395                     	;# 
   645  0396                     	;# 
   646  0FE4                     	;# 
   647  0FE5                     	;# 
   648  0FE6                     	;# 
   649  0FE7                     	;# 
   650  0FE8                     	;# 
   651  0FE9                     	;# 
   652  0FEA                     	;# 
   653  0FEB                     	;# 
   654  0FED                     	;# 
   655  0FEE                     	;# 
   656  0FEF                     	;# 
   657  0711                     	;# 
   658  0712                     	;# 
   659  0713                     	;# 
   660  0714                     	;# 
   661  0715                     	;# 
   662  0716                     	;# 
   663  0717                     	;# 
   664  0718                     	;# 
   665  0719                     	;# 
   666  071A                     	;# 
   667  071A                     	;# 
   668  071A                     	;# 
   669  071B                     	;# 
   670  071C                     	;# 
   671  071C                     	;# 
   672  071C                     	;# 
   673  071D                     	;# 
   674                           
   675                           	psect	idataBANK0
   676  0768                     __pidataBANK0:	
   677                           
   678                           ;initializer for _Frame
   679  0768  3454               	retlw	84
   680  0769  3445               	retlw	69
   681  076A  3453               	retlw	83
   682  076B  3454               	retlw	84
   683  076C  3459               	retlw	89
   684  076D  3400               	retlw	0
   685  076E  3400               	retlw	0
   686  076F  3400               	retlw	0
   687  0770  3400               	retlw	0
   688  0771  3400               	retlw	0
   689  0772  3400               	retlw	0
   690  0773  3400               	retlw	0
   691  0774  3400               	retlw	0
   692  0775  3400               	retlw	0
   693  0776  3400               	retlw	0
   694  0777  3400               	retlw	0
   695  0778  3400               	retlw	0
   696  0779  3400               	retlw	0
   697  077A  3400               	retlw	0
   698  077B  3400               	retlw	0
   699  0011                     _PIR1bits	set	17
   700  0095                     _OPTION_REGbits	set	149
   701  0099                     _OSCCON	set	153
   702  008C                     _TRISA	set	140
   703  008D                     _TRISB	set	141
   704  008E                     _TRISC	set	142
   705  0097                     _WDTCON	set	151
   706  011D                     _APFCON	set	285
   707  010C                     _LATA	set	268
   708  010D                     _LATB	set	269
   709  010D                     _LATBbits	set	269
   710  010E                     _LATC	set	270
   711  018C                     _ANSELA	set	396
   712  018D                     _ANSELB	set	397
   713  018E                     _ANSELC	set	398
   714  019F                     _BAUDCON	set	415
   715  0199                     _RCREG	set	409
   716  019D                     _RCSTA	set	413
   717  019D                     _RCSTAbits	set	413
   718  019C                     _SPBRGH	set	412
   719  019B                     _SPBRGL	set	411
   720  019A                     _TXREG	set	410
   721  019E                     _TXSTA	set	414
   722  0212                     _SSP1ADD	set	530
   723  0215                     _SSP1CON1	set	533
   724  0215                     _SSP1CON1bits	set	533
   725  0214                     _SSP1STAT	set	532
   726  0214                     _SSP1STATbits	set	532
   727  0211                     _SSPBUF	set	529
   728  020D                     _WPUB	set	525
   729  0210                     _WPUE	set	528
   730                           
   731                           ; #config settings
   732  0000                     
   733                           	psect	cinit
   734  07F4                     start_initialization:	
   735  07F4                     __initialization:	
   736                           
   737                           ; Initialize objects allocated to BANK0
   738  07F4  3068               	movlw	low __pidataBANK0
   739  07F5  0084               	movwf	4
   740  07F6  3087               	movlw	(high __pidataBANK0)| (0+128)
   741  07F7  0085               	movwf	5
   742  07F8  3020               	movlw	low __pdataBANK0
   743  07F9  0086               	movwf	6
   744  07FA  3000               	movlw	high __pdataBANK0
   745  07FB  0087               	movwf	7
   746  07FC  3014               	movlw	20
   747  07FD  274F               	fcall	init_ram
   748  07FE                     end_of_initialization:	
   749                           ;End of C runtime variable initialization code
   750                           
   751  07FE                     __end_of__initialization:	
   752  07FE  0020               	movlb	0
   753  07FF  2FC0               	ljmp	_main	;jump to C main() function
   754                           
   755                           	psect	dataBANK0
   756  0020                     __pdataBANK0:	
   757  0020                     _Frame:	
   758  0020                     	ds	20
   759                           
   760                           	psect	inittext
   761  074F                     init_ram:	
   762  074F  00FE               	movwf	126
   763  0750                     initloop:	
   764  0750  0012               	moviw fsr0++
   765  0751  001E               	movwi fsr1++
   766  0752  0BFE               	decfsz	126,f
   767  0753  2F50               	goto	initloop
   768  0754  3400               	retlw	0
   769                           
   770                           	psect	cstackCOMMON
   771  0070                     __pcstackCOMMON:	
   772  0070                     ?_PIN_MANAGER_Initialize:	
   773  0070                     ??_PIN_MANAGER_Initialize:	
   774                           ; 1 bytes @ 0x0
   775                           
   776  0070                     ?_OSCILLATOR_Initialize:	
   777                           ; 1 bytes @ 0x0
   778                           
   779  0070                     ??_OSCILLATOR_Initialize:	
   780                           ; 1 bytes @ 0x0
   781                           
   782  0070                     ?_WDT_Initialize:	
   783                           ; 1 bytes @ 0x0
   784                           
   785  0070                     ??_WDT_Initialize:	
   786                           ; 1 bytes @ 0x0
   787                           
   788  0070                     ?_EUSART_Initialize:	
   789                           ; 1 bytes @ 0x0
   790                           
   791  0070                     ??_EUSART_Initialize:	
   792                           ; 1 bytes @ 0x0
   793                           
   794  0070                     ?_SPI_Initialize:	
   795                           ; 1 bytes @ 0x0
   796                           
   797  0070                     ??_SPI_Initialize:	
   798                           ; 1 bytes @ 0x0
   799                           
   800  0070                     ?_SYSTEM_Initialize:	
   801                           ; 1 bytes @ 0x0
   802                           
   803  0070                     ??_SYSTEM_Initialize:	
   804                           ; 1 bytes @ 0x0
   805                           
   806  0070                     ?_EUSART_Write:	
   807                           ; 1 bytes @ 0x0
   808                           
   809  0070                     ??_EUSART_Write:	
   810                           ; 1 bytes @ 0x0
   811                           
   812  0070                     ?_main:	
   813                           ; 1 bytes @ 0x0
   814                           
   815  0070                     ?_SendFrame:	
   816                           ; 1 bytes @ 0x0
   817                           
   818  0070                     EUSART_Write@txData:	
   819                           ; 2 bytes @ 0x0
   820                           
   821                           
   822                           ; 1 bytes @ 0x0
   823  0070                     	ds	1
   824  0071                     ??_SendFrame:	
   825                           
   826                           ; 1 bytes @ 0x1
   827  0071                     	ds	1
   828  0072                     SendFrame@Data:	
   829                           
   830                           ; 1 bytes @ 0x2
   831  0072                     	ds	1
   832  0073                     SendFrame@i:	
   833                           
   834                           ; 2 bytes @ 0x3
   835  0073                     	ds	2
   836  0075                     ??_main:	
   837                           
   838                           ; 1 bytes @ 0x5
   839  0075                     	ds	3
   840                           
   841                           	psect	maintext
   842  07C0                     __pmaintext:	
   843 ;;
   844 ;;Main: autosize = 0, tempsize = 3, incstack = 0, save=0
   845 ;;
   846 ;; *************** function _main *****************
   847 ;; Defined at:
   848 ;;		line 63 in file "main.c"
   849 ;; Parameters:    Size  Location     Type
   850 ;;		None
   851 ;; Auto vars:     Size  Location     Type
   852 ;;		None
   853 ;; Return value:  Size  Location     Type
   854 ;;                  1    wreg      void 
   855 ;; Registers used:
   856 ;;		wreg, fsr1l, fsr1h, status,2, status,0, pclath, cstack
   857 ;; Tracked objects:
   858 ;;		On entry : B1F/0
   859 ;;		On exit  : 0/0
   860 ;;		Unchanged: 0/0
   861 ;; Data sizes:     COMMON   BANK0   BANK1
   862 ;;      Params:         0       0       0
   863 ;;      Locals:         0       0       0
   864 ;;      Temps:          3       0       0
   865 ;;      Totals:         3       0       0
   866 ;;Total ram usage:        3 bytes
   867 ;; Hardware stack levels required when called:    2
   868 ;; This function calls:
   869 ;;		_SYSTEM_Initialize
   870 ;;		_SendFrame
   871 ;; This function is called by:
   872 ;;		Startup code after reset
   873 ;; This function uses a non-reentrant model
   874 ;;
   875                           
   876                           
   877                           ;psect for function _main
   878  07C0                     _main:	
   879                           
   880                           ;main.c: 66: SYSTEM_Initialize();
   881                           
   882                           ;incstack = 0
   883                           ; Regs used in _main: [wreg+fsr1l+fsr1h+status,2+status,0+pclath+cstack]
   884  07C0  2749               	fcall	_SYSTEM_Initialize
   885  07C1                     l653:	
   886                           ;main.c: 84: {
   887                           ;main.c: 86: do { LATBbits.LATB3 = 0; } while(0);
   888                           
   889                           ;main.c: 83: while (1)
   890                           
   891  07C1  0022               	movlb	2	; select bank2
   892  07C2  118D               	bcf	13,3	;volatile
   893                           
   894                           ;main.c: 87: do { LATBbits.LATB5 = 1; } while(0);
   895  07C3  168D               	bsf	13,5	;volatile
   896                           
   897                           ;main.c: 88: _delay((unsigned long)((1000)*(16000000/4000.0)));
   898  07C4  3015               	movlw	21
   899  07C5  00F7               	movwf	??_main+2
   900  07C6  304B               	movlw	75
   901  07C7  00F6               	movwf	??_main+1
   902  07C8  30D1               	movlw	209
   903  07C9  00F5               	movwf	??_main
   904  07CA                     u137:	
   905  07CA  0BF5               	decfsz	??_main,f
   906  07CB  2FCA               	goto	u137
   907  07CC  0BF6               	decfsz	??_main+1,f
   908  07CD  2FCA               	goto	u137
   909  07CE  0BF7               	decfsz	??_main+2,f
   910  07CF  2FCA               	goto	u137
   911  07D0  0000               	nop
   912                           
   913                           ;main.c: 89: do { LATBbits.LATB5 = 0; } while(0);
   914  07D1  0022               	movlb	2	; select bank2
   915  07D2  128D               	bcf	13,5	;volatile
   916                           
   917                           ;main.c: 90: do { LATBbits.LATB4 = 1; } while(0);
   918  07D3  160D               	bsf	13,4	;volatile
   919                           
   920                           ;main.c: 91: _delay((unsigned long)((1000)*(16000000/4000.0)));
   921  07D4  3015               	movlw	21
   922  07D5  00F7               	movwf	??_main+2
   923  07D6  304B               	movlw	75
   924  07D7  00F6               	movwf	??_main+1
   925  07D8  30D1               	movlw	209
   926  07D9  00F5               	movwf	??_main
   927  07DA                     u147:	
   928  07DA  0BF5               	decfsz	??_main,f
   929  07DB  2FDA               	goto	u147
   930  07DC  0BF6               	decfsz	??_main+1,f
   931  07DD  2FDA               	goto	u147
   932  07DE  0BF7               	decfsz	??_main+2,f
   933  07DF  2FDA               	goto	u147
   934  07E0  0000               	nop
   935                           
   936                           ;main.c: 92: do { LATBbits.LATB4 = 0; } while(0);
   937  07E1  0022               	movlb	2	; select bank2
   938  07E2  120D               	bcf	13,4	;volatile
   939                           
   940                           ;main.c: 93: do { LATBbits.LATB3 = 1; } while(0);
   941  07E3  158D               	bsf	13,3	;volatile
   942                           
   943                           ;main.c: 94: _delay((unsigned long)((1000)*(16000000/4000.0)));
   944  07E4  3015               	movlw	21
   945  07E5  00F7               	movwf	??_main+2
   946  07E6  304B               	movlw	75
   947  07E7  00F6               	movwf	??_main+1
   948  07E8  30D1               	movlw	209
   949  07E9  00F5               	movwf	??_main
   950  07EA                     u157:	
   951  07EA  0BF5               	decfsz	??_main,f
   952  07EB  2FEA               	goto	u157
   953  07EC  0BF6               	decfsz	??_main+1,f
   954  07ED  2FEA               	goto	u157
   955  07EE  0BF7               	decfsz	??_main+2,f
   956  07EF  2FEA               	goto	u157
   957  07F0  0000               	nop
   958                           
   959                           ;main.c: 96: SendFrame(Frame);
   960  07F1  3020               	movlw	(low (_Frame| 0))& (0+255)
   961  07F2  2796               	fcall	_SendFrame
   962  07F3  2FC1               	goto	l653
   963  07F4                     __end_of_main:	
   964                           
   965                           	psect	text1
   966  0796                     __ptext1:	
   967 ;; *************** function _SendFrame *****************
   968 ;; Defined at:
   969 ;;		line 51 in file "main.c"
   970 ;; Parameters:    Size  Location     Type
   971 ;;  Data            1    wreg     PTR unsigned char 
   972 ;;		 -> Frame(20), 
   973 ;; Auto vars:     Size  Location     Type
   974 ;;  Data            1    2[COMMON] PTR unsigned char 
   975 ;;		 -> Frame(20), 
   976 ;;  i               2    3[COMMON] int 
   977 ;; Return value:  Size  Location     Type
   978 ;;                  2  146[None  ] int 
   979 ;; Registers used:
   980 ;;		wreg, fsr1l, fsr1h, status,2, status,0, pclath, cstack
   981 ;; Tracked objects:
   982 ;;		On entry : 0/0
   983 ;;		On exit  : 0/0
   984 ;;		Unchanged: 0/0
   985 ;; Data sizes:     COMMON   BANK0   BANK1
   986 ;;      Params:         0       0       0
   987 ;;      Locals:         3       0       0
   988 ;;      Temps:          1       0       0
   989 ;;      Totals:         4       0       0
   990 ;;Total ram usage:        4 bytes
   991 ;; Hardware stack levels used:    1
   992 ;; Hardware stack levels required when called:    1
   993 ;; This function calls:
   994 ;;		_EUSART_Write
   995 ;; This function is called by:
   996 ;;		_main
   997 ;; This function uses a non-reentrant model
   998 ;;
   999                           
  1000                           
  1001                           ;psect for function _SendFrame
  1002  0796                     _SendFrame:	
  1003                           
  1004                           ;incstack = 0
  1005                           ; Regs used in _SendFrame: [wreg+fsr1l+fsr1h+status,2+status,0+pclath+cstack]
  1006                           ;SendFrame@Data stored from wreg
  1007  0796  00F2               	movwf	SendFrame@Data
  1008                           
  1009                           ;main.c: 52: for(int i=0; i<20; i++)
  1010  0797  01F3               	clrf	SendFrame@i
  1011  0798  01F4               	clrf	SendFrame@i+1
  1012  0799  0874               	movf	SendFrame@i+1,w
  1013  079A  3A80               	xorlw	128
  1014  079B  00F1               	movwf	??_SendFrame
  1015  079C  3080               	movlw	128
  1016  079D  0271               	subwf	??_SendFrame,w
  1017  079E  1D03               	skipz
  1018  079F  2FA2               	goto	u35
  1019  07A0  3014               	movlw	20
  1020  07A1  0273               	subwf	SendFrame@i,w
  1021  07A2                     u35:	
  1022  07A2  1803               	btfsc	3,0
  1023  07A3  2FBB               	goto	l603
  1024  07A4                     l597:	
  1025                           
  1026                           ;main.c: 53: {
  1027                           ;main.c: 54: EUSART_Write(Data[i]);
  1028  07A4  0873               	movf	SendFrame@i,w
  1029  07A5  0772               	addwf	SendFrame@Data,w
  1030  07A6  00F1               	movwf	??_SendFrame
  1031  07A7  0871               	movf	??_SendFrame,w
  1032  07A8  0086               	movwf	6
  1033  07A9  0187               	clrf	7
  1034  07AA  0801               	movf	1,w
  1035  07AB  2755               	fcall	_EUSART_Write
  1036  07AC  3001               	movlw	1
  1037  07AD  07F3               	addwf	SendFrame@i,f
  1038  07AE  3000               	movlw	0
  1039  07AF  3DF4               	addwfc	SendFrame@i+1,f
  1040  07B0  0874               	movf	SendFrame@i+1,w
  1041  07B1  3A80               	xorlw	128
  1042  07B2  00F1               	movwf	??_SendFrame
  1043  07B3  3080               	movlw	128
  1044  07B4  0271               	subwf	??_SendFrame,w
  1045  07B5  1D03               	skipz
  1046  07B6  2FB9               	goto	u45
  1047  07B7  3014               	movlw	20
  1048  07B8  0273               	subwf	SendFrame@i,w
  1049  07B9                     u45:	
  1050  07B9  1C03               	skipc
  1051  07BA  2FA4               	goto	l597
  1052  07BB                     l603:	
  1053                           
  1054                           ;main.c: 55: }
  1055                           ;main.c: 56: EUSART_Write(0x0D);
  1056  07BB  300D               	movlw	13
  1057  07BC  2755               	fcall	_EUSART_Write
  1058                           
  1059                           ;main.c: 57: EUSART_Write(0x0A);
  1060  07BD  300A               	movlw	10
  1061  07BE  2755               	fcall	_EUSART_Write
  1062  07BF  0008               	return
  1063  07C0                     __end_of_SendFrame:	
  1064                           
  1065                           	psect	text2
  1066  0755                     __ptext2:	
  1067 ;; *************** function _EUSART_Write *****************
  1068 ;; Defined at:
  1069 ;;		line 96 in file "mcc_generated_files/eusart.c"
  1070 ;; Parameters:    Size  Location     Type
  1071 ;;  txData          1    wreg     unsigned char 
  1072 ;; Auto vars:     Size  Location     Type
  1073 ;;  txData          1    0[COMMON] unsigned char 
  1074 ;; Return value:  Size  Location     Type
  1075 ;;                  1    wreg      void 
  1076 ;; Registers used:
  1077 ;;		wreg
  1078 ;; Tracked objects:
  1079 ;;		On entry : 0/0
  1080 ;;		On exit  : 0/0
  1081 ;;		Unchanged: 0/0
  1082 ;; Data sizes:     COMMON   BANK0   BANK1
  1083 ;;      Params:         0       0       0
  1084 ;;      Locals:         1       0       0
  1085 ;;      Temps:          0       0       0
  1086 ;;      Totals:         1       0       0
  1087 ;;Total ram usage:        1 bytes
  1088 ;; Hardware stack levels used:    1
  1089 ;; This function calls:
  1090 ;;		Nothing
  1091 ;; This function is called by:
  1092 ;;		_SendFrame
  1093 ;; This function uses a non-reentrant model
  1094 ;;
  1095                           
  1096                           
  1097                           ;psect for function _EUSART_Write
  1098  0755                     _EUSART_Write:	
  1099                           
  1100                           ;incstack = 0
  1101                           ; Regs used in _EUSART_Write: [wreg]
  1102                           ;EUSART_Write@txData stored from wreg
  1103  0755  00F0               	movwf	EUSART_Write@txData
  1104  0756                     l99:	
  1105                           ;eusart.c: 99: {
  1106                           
  1107                           ;eusart.c: 98: while(0 == PIR1bits.TXIF)
  1108                           
  1109  0756  0020               	movlb	0	; select bank0
  1110  0757  1E11               	btfss	17,4	;volatile
  1111  0758  2F56               	goto	l99
  1112                           
  1113                           ;eusart.c: 100: }
  1114                           ;eusart.c: 102: TXREG = txData;
  1115  0759  0870               	movf	EUSART_Write@txData,w
  1116  075A  0023               	movlb	3	; select bank3
  1117  075B  009A               	movwf	26	;volatile
  1118  075C  0008               	return
  1119  075D                     __end_of_EUSART_Write:	
  1120                           
  1121                           	psect	text3
  1122  0749                     __ptext3:	
  1123 ;; *************** function _SYSTEM_Initialize *****************
  1124 ;; Defined at:
  1125 ;;		line 69 in file "mcc_generated_files/mcc.c"
  1126 ;; Parameters:    Size  Location     Type
  1127 ;;		None
  1128 ;; Auto vars:     Size  Location     Type
  1129 ;;		None
  1130 ;; Return value:  Size  Location     Type
  1131 ;;                  1    wreg      void 
  1132 ;; Registers used:
  1133 ;;		wreg, status,2, status,0, pclath, cstack
  1134 ;; Tracked objects:
  1135 ;;		On entry : 0/0
  1136 ;;		On exit  : 0/0
  1137 ;;		Unchanged: 0/0
  1138 ;; Data sizes:     COMMON   BANK0   BANK1
  1139 ;;      Params:         0       0       0
  1140 ;;      Locals:         0       0       0
  1141 ;;      Temps:          0       0       0
  1142 ;;      Totals:         0       0       0
  1143 ;;Total ram usage:        0 bytes
  1144 ;; Hardware stack levels used:    1
  1145 ;; Hardware stack levels required when called:    1
  1146 ;; This function calls:
  1147 ;;		_EUSART_Initialize
  1148 ;;		_OSCILLATOR_Initialize
  1149 ;;		_PIN_MANAGER_Initialize
  1150 ;;		_SPI_Initialize
  1151 ;;		_WDT_Initialize
  1152 ;; This function is called by:
  1153 ;;		_main
  1154 ;; This function uses a non-reentrant model
  1155 ;;
  1156                           
  1157                           
  1158                           ;psect for function _SYSTEM_Initialize
  1159  0749                     _SYSTEM_Initialize:	
  1160                           
  1161                           ;mcc.c: 72: PIN_MANAGER_Initialize();
  1162                           
  1163                           ;incstack = 0
  1164                           ; Regs used in _SYSTEM_Initialize: [wreg+status,2+status,0+pclath+cstack]
  1165  0749  277C               	fcall	_PIN_MANAGER_Initialize
  1166                           
  1167                           ;mcc.c: 73: OSCILLATOR_Initialize();
  1168  074A  273B               	fcall	_OSCILLATOR_Initialize
  1169                           
  1170                           ;mcc.c: 74: WDT_Initialize();
  1171  074B  273F               	fcall	_WDT_Initialize
  1172                           
  1173                           ;mcc.c: 75: SPI_Initialize();
  1174  074C  2743               	fcall	_SPI_Initialize
  1175                           
  1176                           ;mcc.c: 76: EUSART_Initialize();
  1177  074D  275D               	fcall	_EUSART_Initialize
  1178  074E  0008               	return
  1179  074F                     __end_of_SYSTEM_Initialize:	
  1180                           
  1181                           	psect	text4
  1182  073F                     __ptext4:	
  1183 ;; *************** function _WDT_Initialize *****************
  1184 ;; Defined at:
  1185 ;;		line 87 in file "mcc_generated_files/mcc.c"
  1186 ;; Parameters:    Size  Location     Type
  1187 ;;		None
  1188 ;; Auto vars:     Size  Location     Type
  1189 ;;		None
  1190 ;; Return value:  Size  Location     Type
  1191 ;;                  1    wreg      void 
  1192 ;; Registers used:
  1193 ;;		wreg
  1194 ;; Tracked objects:
  1195 ;;		On entry : 0/0
  1196 ;;		On exit  : 0/0
  1197 ;;		Unchanged: 0/0
  1198 ;; Data sizes:     COMMON   BANK0   BANK1
  1199 ;;      Params:         0       0       0
  1200 ;;      Locals:         0       0       0
  1201 ;;      Temps:          0       0       0
  1202 ;;      Totals:         0       0       0
  1203 ;;Total ram usage:        0 bytes
  1204 ;; Hardware stack levels used:    1
  1205 ;; This function calls:
  1206 ;;		Nothing
  1207 ;; This function is called by:
  1208 ;;		_SYSTEM_Initialize
  1209 ;; This function uses a non-reentrant model
  1210 ;;
  1211                           
  1212                           
  1213                           ;psect for function _WDT_Initialize
  1214  073F                     _WDT_Initialize:	
  1215                           
  1216                           ;mcc.c: 90: WDTCON = 0x16;
  1217                           
  1218                           ;incstack = 0
  1219                           ; Regs used in _WDT_Initialize: [wreg]
  1220  073F  3016               	movlw	22
  1221  0740  0021               	movlb	1	; select bank1
  1222  0741  0097               	movwf	23	;volatile
  1223  0742  0008               	return
  1224  0743                     __end_of_WDT_Initialize:	
  1225                           
  1226                           	psect	text5
  1227  0743                     __ptext5:	
  1228 ;; *************** function _SPI_Initialize *****************
  1229 ;; Defined at:
  1230 ;;		line 63 in file "mcc_generated_files/spi.c"
  1231 ;; Parameters:    Size  Location     Type
  1232 ;;		None
  1233 ;; Auto vars:     Size  Location     Type
  1234 ;;		None
  1235 ;; Return value:  Size  Location     Type
  1236 ;;                  1    wreg      void 
  1237 ;; Registers used:
  1238 ;;		wreg, status,2
  1239 ;; Tracked objects:
  1240 ;;		On entry : 0/0
  1241 ;;		On exit  : 0/0
  1242 ;;		Unchanged: 0/0
  1243 ;; Data sizes:     COMMON   BANK0   BANK1
  1244 ;;      Params:         0       0       0
  1245 ;;      Locals:         0       0       0
  1246 ;;      Temps:          0       0       0
  1247 ;;      Totals:         0       0       0
  1248 ;;Total ram usage:        0 bytes
  1249 ;; Hardware stack levels used:    1
  1250 ;; This function calls:
  1251 ;;		Nothing
  1252 ;; This function is called by:
  1253 ;;		_SYSTEM_Initialize
  1254 ;; This function uses a non-reentrant model
  1255 ;;
  1256                           
  1257                           
  1258                           ;psect for function _SPI_Initialize
  1259  0743                     _SPI_Initialize:	
  1260                           
  1261                           ;spi.c: 68: SSP1STAT = 0x00;
  1262                           
  1263                           ;incstack = 0
  1264                           ; Regs used in _SPI_Initialize: [wreg+status,2]
  1265  0743  0024               	movlb	4	; select bank4
  1266  0744  0194               	clrf	20	;volatile
  1267                           
  1268                           ;spi.c: 71: SSP1CON1 = 0x20;
  1269  0745  3020               	movlw	32
  1270  0746  0095               	movwf	21	;volatile
  1271                           
  1272                           ;spi.c: 74: SSP1ADD = 0x00;
  1273  0747  0192               	clrf	18	;volatile
  1274  0748  0008               	return
  1275  0749                     __end_of_SPI_Initialize:	
  1276                           
  1277                           	psect	text6
  1278  077C                     __ptext6:	
  1279 ;; *************** function _PIN_MANAGER_Initialize *****************
  1280 ;; Defined at:
  1281 ;;		line 51 in file "mcc_generated_files/pin_manager.c"
  1282 ;; Parameters:    Size  Location     Type
  1283 ;;		None
  1284 ;; Auto vars:     Size  Location     Type
  1285 ;;		None
  1286 ;; Return value:  Size  Location     Type
  1287 ;;                  1    wreg      void 
  1288 ;; Registers used:
  1289 ;;		wreg, status,2
  1290 ;; Tracked objects:
  1291 ;;		On entry : 0/0
  1292 ;;		On exit  : 0/0
  1293 ;;		Unchanged: 0/0
  1294 ;; Data sizes:     COMMON   BANK0   BANK1
  1295 ;;      Params:         0       0       0
  1296 ;;      Locals:         0       0       0
  1297 ;;      Temps:          0       0       0
  1298 ;;      Totals:         0       0       0
  1299 ;;Total ram usage:        0 bytes
  1300 ;; Hardware stack levels used:    1
  1301 ;; This function calls:
  1302 ;;		Nothing
  1303 ;; This function is called by:
  1304 ;;		_SYSTEM_Initialize
  1305 ;; This function uses a non-reentrant model
  1306 ;;
  1307                           
  1308                           
  1309                           ;psect for function _PIN_MANAGER_Initialize
  1310  077C                     _PIN_MANAGER_Initialize:	
  1311                           
  1312                           ;pin_manager.c: 56: LATA = 0x00;
  1313                           
  1314                           ;incstack = 0
  1315                           ; Regs used in _PIN_MANAGER_Initialize: [wreg+status,2]
  1316  077C  0022               	movlb	2	; select bank2
  1317  077D  018C               	clrf	12	;volatile
  1318                           
  1319                           ;pin_manager.c: 57: LATB = 0x00;
  1320  077E  018D               	clrf	13	;volatile
  1321                           
  1322                           ;pin_manager.c: 58: LATC = 0x00;
  1323  077F  018E               	clrf	14	;volatile
  1324                           
  1325                           ;pin_manager.c: 63: TRISA = 0x00;
  1326  0780  0021               	movlb	1	; select bank1
  1327  0781  018C               	clrf	12	;volatile
  1328                           
  1329                           ;pin_manager.c: 64: TRISB = 0xC7;
  1330  0782  30C7               	movlw	199
  1331  0783  008D               	movwf	13	;volatile
  1332                           
  1333                           ;pin_manager.c: 65: TRISC = 0x97;
  1334  0784  3097               	movlw	151
  1335  0785  008E               	movwf	14	;volatile
  1336                           
  1337                           ;pin_manager.c: 70: ANSELC = 0x00;
  1338  0786  0023               	movlb	3	; select bank3
  1339  0787  018E               	clrf	14	;volatile
  1340                           
  1341                           ;pin_manager.c: 71: ANSELB = 0x3F;
  1342  0788  303F               	movlw	63
  1343  0789  008D               	movwf	13	;volatile
  1344                           
  1345                           ;pin_manager.c: 72: ANSELA = 0x2F;
  1346  078A  302F               	movlw	47
  1347  078B  008C               	movwf	12	;volatile
  1348                           
  1349                           ;pin_manager.c: 77: WPUE = 0x08;
  1350  078C  3008               	movlw	8
  1351  078D  0024               	movlb	4	; select bank4
  1352  078E  0090               	movwf	16	;volatile
  1353                           
  1354                           ;pin_manager.c: 78: WPUB = 0xFF;
  1355  078F  30FF               	movlw	255
  1356  0790  008D               	movwf	13	;volatile
  1357                           
  1358                           ;pin_manager.c: 79: OPTION_REGbits.nWPUEN = 0;
  1359  0791  0021               	movlb	1	; select bank1
  1360  0792  1395               	bcf	21,7	;volatile
  1361                           
  1362                           ;pin_manager.c: 85: APFCON = 0x00;
  1363  0793  0022               	movlb	2	; select bank2
  1364  0794  019D               	clrf	29	;volatile
  1365  0795  0008               	return
  1366  0796                     __end_of_PIN_MANAGER_Initialize:	
  1367                           
  1368                           	psect	text7
  1369  073B                     __ptext7:	
  1370 ;; *************** function _OSCILLATOR_Initialize *****************
  1371 ;; Defined at:
  1372 ;;		line 79 in file "mcc_generated_files/mcc.c"
  1373 ;; Parameters:    Size  Location     Type
  1374 ;;		None
  1375 ;; Auto vars:     Size  Location     Type
  1376 ;;		None
  1377 ;; Return value:  Size  Location     Type
  1378 ;;                  1    wreg      void 
  1379 ;; Registers used:
  1380 ;;		wreg
  1381 ;; Tracked objects:
  1382 ;;		On entry : 0/0
  1383 ;;		On exit  : 0/0
  1384 ;;		Unchanged: 0/0
  1385 ;; Data sizes:     COMMON   BANK0   BANK1
  1386 ;;      Params:         0       0       0
  1387 ;;      Locals:         0       0       0
  1388 ;;      Temps:          0       0       0
  1389 ;;      Totals:         0       0       0
  1390 ;;Total ram usage:        0 bytes
  1391 ;; Hardware stack levels used:    1
  1392 ;; This function calls:
  1393 ;;		Nothing
  1394 ;; This function is called by:
  1395 ;;		_SYSTEM_Initialize
  1396 ;; This function uses a non-reentrant model
  1397 ;;
  1398                           
  1399                           
  1400                           ;psect for function _OSCILLATOR_Initialize
  1401  073B                     _OSCILLATOR_Initialize:	
  1402                           
  1403                           ;mcc.c: 82: OSCCON = 0x78;
  1404                           
  1405                           ;incstack = 0
  1406                           ; Regs used in _OSCILLATOR_Initialize: [wreg]
  1407  073B  3078               	movlw	120
  1408  073C  0021               	movlb	1	; select bank1
  1409  073D  0099               	movwf	25	;volatile
  1410  073E  0008               	return
  1411  073F                     __end_of_OSCILLATOR_Initialize:	
  1412                           
  1413                           	psect	text8
  1414  075D                     __ptext8:	
  1415 ;; *************** function _EUSART_Initialize *****************
  1416 ;; Defined at:
  1417 ;;		line 55 in file "mcc_generated_files/eusart.c"
  1418 ;; Parameters:    Size  Location     Type
  1419 ;;		None
  1420 ;; Auto vars:     Size  Location     Type
  1421 ;;		None
  1422 ;; Return value:  Size  Location     Type
  1423 ;;                  1    wreg      void 
  1424 ;; Registers used:
  1425 ;;		wreg, status,2
  1426 ;; Tracked objects:
  1427 ;;		On entry : 0/0
  1428 ;;		On exit  : 0/0
  1429 ;;		Unchanged: 0/0
  1430 ;; Data sizes:     COMMON   BANK0   BANK1
  1431 ;;      Params:         0       0       0
  1432 ;;      Locals:         0       0       0
  1433 ;;      Temps:          0       0       0
  1434 ;;      Totals:         0       0       0
  1435 ;;Total ram usage:        0 bytes
  1436 ;; Hardware stack levels used:    1
  1437 ;; This function calls:
  1438 ;;		Nothing
  1439 ;; This function is called by:
  1440 ;;		_SYSTEM_Initialize
  1441 ;; This function uses a non-reentrant model
  1442 ;;
  1443                           
  1444                           
  1445                           ;psect for function _EUSART_Initialize
  1446  075D                     _EUSART_Initialize:	
  1447                           
  1448                           ;eusart.c: 60: BAUDCON = 0x08;
  1449                           
  1450                           ;incstack = 0
  1451                           ; Regs used in _EUSART_Initialize: [wreg+status,2]
  1452  075D  3008               	movlw	8
  1453  075E  0023               	movlb	3	; select bank3
  1454  075F  009F               	movwf	31	;volatile
  1455                           
  1456                           ;eusart.c: 63: RCSTA = 0x90;
  1457  0760  3090               	movlw	144
  1458  0761  009D               	movwf	29	;volatile
  1459                           
  1460                           ;eusart.c: 66: TXSTA = 0x24;
  1461  0762  3024               	movlw	36
  1462  0763  009E               	movwf	30	;volatile
  1463                           
  1464                           ;eusart.c: 69: SPBRGL = 0xCF;
  1465  0764  30CF               	movlw	207
  1466  0765  009B               	movwf	27	;volatile
  1467                           
  1468                           ;eusart.c: 72: SPBRGH = 0x00;
  1469  0766  019C               	clrf	28	;volatile
  1470  0767  0008               	return
  1471  0768                     __end_of_EUSART_Initialize:	
  1472  007E                     btemp	set	126	;btemp
  1473  007E                     wtemp	set	126
  1474  007E                     wtemp0	set	126
  1475  0080                     wtemp1	set	128
  1476  0082                     wtemp2	set	130
  1477  0084                     wtemp3	set	132
  1478  0086                     wtemp4	set	134
  1479  0088                     wtemp5	set	136
  1480  007F                     wtemp6	set	127
  1481  007E                     ttemp	set	126
  1482  007E                     ttemp0	set	126
  1483  0081                     ttemp1	set	129
  1484  0084                     ttemp2	set	132
  1485  0087                     ttemp3	set	135
  1486  007F                     ttemp4	set	127
  1487  007E                     ltemp	set	126
  1488  007E                     ltemp0	set	126
  1489  0082                     ltemp1	set	130
  1490  0086                     ltemp2	set	134
  1491  0080                     ltemp3	set	128


Data Sizes:
    Strings     0
    Constant    0
    Data        20
    BSS         0
    Persistent  0
    Stack       0

Auto Spaces:
    Space          Size  Autos    Used
    COMMON           14      8       8
    BANK0            80      0      20
    BANK1            32      0       0

Pointer List with Targets:

    SendFrame@Data	PTR unsigned char  size(1) Largest target is 20
		 -> Frame(BANK0[20]), 


Critical Paths under _main in COMMON

    _main->_SendFrame
    _SendFrame->_EUSART_Write

Critical Paths under _main in BANK0

    None.

Critical Paths under _main in BANK1

    None.

Call Graph Tables:

 ---------------------------------------------------------------------------------
 (Depth) Function   	        Calls       Base Space   Used Autos Params    Refs
 ---------------------------------------------------------------------------------
 (0) _main                                                 3     3      0      99
                                              5 COMMON     3     3      0
                  _SYSTEM_Initialize
                          _SendFrame
 ---------------------------------------------------------------------------------
 (1) _SendFrame                                            4     4      0      99
                                              1 COMMON     4     4      0
                       _EUSART_Write
 ---------------------------------------------------------------------------------
 (2) _EUSART_Write                                         1     1      0      15
                                              0 COMMON     1     1      0
 ---------------------------------------------------------------------------------
 (1) _SYSTEM_Initialize                                    0     0      0       0
                  _EUSART_Initialize
              _OSCILLATOR_Initialize
             _PIN_MANAGER_Initialize
                     _SPI_Initialize
                     _WDT_Initialize
 ---------------------------------------------------------------------------------
 (2) _WDT_Initialize                                       0     0      0       0
 ---------------------------------------------------------------------------------
 (2) _SPI_Initialize                                       0     0      0       0
 ---------------------------------------------------------------------------------
 (2) _PIN_MANAGER_Initialize                               0     0      0       0
 ---------------------------------------------------------------------------------
 (2) _OSCILLATOR_Initialize                                0     0      0       0
 ---------------------------------------------------------------------------------
 (2) _EUSART_Initialize                                    0     0      0       0
 ---------------------------------------------------------------------------------
 Estimated maximum stack depth 2
 ---------------------------------------------------------------------------------

 Call Graph Graphs:

 _main (ROOT)
   _SYSTEM_Initialize
     _EUSART_Initialize
     _OSCILLATOR_Initialize
     _PIN_MANAGER_Initialize
     _SPI_Initialize
     _WDT_Initialize
   _SendFrame
     _EUSART_Write

 Address spaces:
Name               Size   Autos  Total    Cost      Usage
BIGRAM              70      0       0       0        0.0%
NULL                 0      0       0       0        0.0%
CODE                 0      0       0       0        0.0%
BITCOMMON            E      0       0       1        0.0%
BITSFR0              0      0       0       1        0.0%
SFR0                 0      0       0       1        0.0%
COMMON               E      8       8       2       57.1%
BITSFR1              0      0       0       2        0.0%
SFR1                 0      0       0       2        0.0%
BITSFR2              0      0       0       3        0.0%
SFR2                 0      0       0       3        0.0%
STACK                0      0       0       3        0.0%
BITSFR3              0      0       0       4        0.0%
SFR3                 0      0       0       4        0.0%
ABS                  0      0      1C       4        0.0%
BITBANK0            50      0       0       5        0.0%
BITSFR4              0      0       0       5        0.0%
SFR4                 0      0       0       5        0.0%
BANK0               50      0      14       6       25.0%
BITSFR5              0      0       0       6        0.0%
SFR5                 0      0       0       6        0.0%
BITBANK1            20      0       0       7        0.0%
BITSFR6              0      0       0       7        0.0%
SFR6                 0      0       0       7        0.0%
BANK1               20      0       0       8        0.0%
BITSFR7              0      0       0       8        0.0%
SFR7                 0      0       0       8        0.0%
BITSFR8              0      0       0       9        0.0%
SFR8                 0      0       0       9        0.0%
DATA                 0      0      1C       9        0.0%
BITSFR9              0      0       0      10        0.0%
SFR9                 0      0       0      10        0.0%
BITSFR10             0      0       0      11        0.0%
SFR10                0      0       0      11        0.0%
BITSFR11             0      0       0      12        0.0%
SFR11                0      0       0      12        0.0%
BITSFR12             0      0       0      13        0.0%
SFR12                0      0       0      13        0.0%
BITSFR13             0      0       0      14        0.0%
SFR13                0      0       0      14        0.0%
BITSFR14             0      0       0      15        0.0%
SFR14                0      0       0      15        0.0%
BITSFR15             0      0       0      16        0.0%
SFR15                0      0       0      16        0.0%
BITSFR16             0      0       0      17        0.0%
SFR16                0      0       0      17        0.0%
BITSFR17             0      0       0      18        0.0%
SFR17                0      0       0      18        0.0%
BITSFR18             0      0       0      19        0.0%
SFR18                0      0       0      19        0.0%
BITSFR19             0      0       0      20        0.0%
SFR19                0      0       0      20        0.0%
BITSFR20             0      0       0      21        0.0%
SFR20                0      0       0      21        0.0%
BITSFR21             0      0       0      22        0.0%
SFR21                0      0       0      22        0.0%
BITSFR22             0      0       0      23        0.0%
SFR22                0      0       0      23        0.0%
BITSFR23             0      0       0      24        0.0%
SFR23                0      0       0      24        0.0%
BITSFR24             0      0       0      25        0.0%
SFR24                0      0       0      25        0.0%
BITSFR25             0      0       0      26        0.0%
SFR25                0      0       0      26        0.0%
BITSFR26             0      0       0      27        0.0%
SFR26                0      0       0      27        0.0%
BITSFR27             0      0       0      28        0.0%
SFR27                0      0       0      28        0.0%
BITSFR28             0      0       0      29        0.0%
SFR28                0      0       0      29        0.0%
BITSFR29             0      0       0      30        0.0%
SFR29                0      0       0      30        0.0%
BITSFR30             0      0       0      31        0.0%
SFR30                0      0       0      31        0.0%
BITSFR31             0      0       0      32        0.0%
SFR31                0      0       0      32        0.0%


Microchip Technology PIC Macro Assembler V1.38 build -256452561 
Symbol Table                                                                                   Sat Nov 26 12:38:47 2016

                 _SPI_Initialize 0743                      __CFG_CP$OFF 0000                               l99 0756  
                             u35 07A2                               u45 07B9                      __CFG_LVP$ON 0000  
                            l603 07BB                              l653 07C1                              l597 07A4  
                            u137 07CA                              u147 07DA                              u157 07EA  
                   __CFG_BORV$LO 0000                     __CFG_IESO$ON 0000                             _LATA 010C  
                           _LATB 010D                             _LATC 010E                             _WPUB 020D  
                           _WPUE 0210                     __CFG_WRT$OFF 0000                    __CFG_FCMEN$ON 0000  
                           _main 07C0                             fsr0h 0005                             fsr1h 0007  
                           fsr0l 0004                             indf1 0001                             fsr1l 0006  
                           btemp 007E                    __CFG_BOREN$ON 0000                             ltemp 007E  
                           start 0001                             ttemp 007E                             wtemp 007E  
         __end_of_SPI_Initialize 0749                    __CFG_MCLRE$ON 0000                    ?_EUSART_Write 0070  
 __size_of_OSCILLATOR_Initialize 0004    __end_of_OSCILLATOR_Initialize 073F                            ?_main 0070  
                  __CFG_WDTE$OFF 0000                            _RCREG 0199                            _RCSTA 019D  
                          _TRISA 008C                            _TRISB 008D                            _TRISC 008E  
                          _TXREG 019A                            _TXSTA 019E                            _Frame 0020  
                 _WDT_Initialize 073F                            ltemp0 007E                            ltemp1 0082  
                          ltemp2 0086                            ltemp3 0080                            ttemp0 007E  
                          ttemp1 0081                            ttemp2 0084                            ttemp3 0087  
                          ttemp4 007F                            wtemp0 007E                            wtemp1 0080  
                          wtemp2 0082                            wtemp3 0084                            wtemp4 0086  
                          wtemp5 0088                            wtemp6 007F                       SendFrame@i 0073  
                ?_SPI_Initialize 0070                  __initialization 07F4                     __end_of_main 07F4  
                 ??_EUSART_Write 0070                   __CFG_LPBOR$OFF 0000                           ??_main 0075  
         __end_of_WDT_Initialize 0743                           _APFCON 011D                           _ANSELA 018C  
                         _ANSELB 018D                           _ANSELC 018E                           _OSCCON 0099  
                         _SPBRGH 019C                           _SPBRGL 019B                           _WDTCON 0097  
                         _SSPBUF 0211                   __CFG_PWRTE$OFF 0000               __size_of_SendFrame 002A  
                 __CFG_STVREN$ON 0000                  ?_WDT_Initialize 0070                _SYSTEM_Initialize 0749  
        __end_of__initialization 07FE               ?_SYSTEM_Initialize 0070                   __pcstackCOMMON 0070  
                   __pidataBANK0 0768              ??_SYSTEM_Initialize 0070                   _OPTION_REGbits 0095  
              __end_of_SendFrame 07C0        __end_of_SYSTEM_Initialize 074F             __end_of_EUSART_Write 075D  
                __CFG_VCAPEN$OFF 0000                       __pmaintext 07C0                          _BAUDCON 019F  
                        _SSP1ADD 0212                 ??_SPI_Initialize 0070                          __ptext1 0796  
                        __ptext2 0755                          __ptext3 0749                          __ptext4 073F  
                        __ptext5 0743                          __ptext6 077C                          __ptext7 073B  
                        __ptext8 075D            _OSCILLATOR_Initialize 073B         ??_PIN_MANAGER_Initialize 0070  
     __size_of_SYSTEM_Initialize 0006             end_of_initialization 07FE                          init_ram 074F  
                        initloop 0750                _EUSART_Initialize 075D               ?_EUSART_Initialize 0070  
                      _RCSTAbits 019D              ??_EUSART_Initialize 0070                 ??_WDT_Initialize 0070  
               __CFG_FOSC$INTOSC 0000            __size_of_EUSART_Write 0008        __end_of_EUSART_Initialize 0768  
                   _EUSART_Write 0755           ?_OSCILLATOR_Initialize 0070              start_initialization 07F4  
__size_of_PIN_MANAGER_Initialize 001A                        _SendFrame 0796                      __pdataBANK0 0020  
                      ___latbits 0000       __size_of_EUSART_Initialize 000B                       ?_SendFrame 0070  
         _PIN_MANAGER_Initialize 077C                         _LATBbits 010D                         _PIR1bits 0011  
                       _SSP1CON1 0215                         _SSP1STAT 0214                      ??_SendFrame 0071  
        __size_of_SPI_Initialize 0006          ??_OSCILLATOR_Initialize 0070                     _SSP1CON1bits 0215  
                  __size_of_main 0034                     _SSP1STATbits 0214          __size_of_WDT_Initialize 0004  
        ?_PIN_MANAGER_Initialize 0070                __CFG_CLKOUTEN$OFF 0000               EUSART_Write@txData 0070  
 __end_of_PIN_MANAGER_Initialize 0796                    SendFrame@Data 0072  
